[     134ms] [INFO] [webpack-dev-server] Server started: Hot Module Replacement enabled, Live Reloading enabled, Progress disabled, Overlay disabled. @ webpack-internal:///../node_modules/webpack-dev-server/client/modules/logger/index.js:599
[     134ms] [LOG] [HMR] Waiting for update signal from WDS... @ webpack-internal:///../node_modules/webpack/hot/log.js:38
[     138ms] [WARNING] [webpack-dev-server] Warnings while compiling. @ webpack-internal:///../node_modules/webpack-dev-server/client/modules/logger/index.js:603
[     139ms] [WARNING] [webpack-dev-server] WARNING in ./src/app/App.scss (../node_modules/css-loader/dist/cjs.js!../node_modules/sass-loader/dist/cjs.js!./src/app/App.scss)
Module Warning (from ../node_modules/sass-loader/dist/cjs.js):
Deprecation The legacy JS API is deprecated and will be removed in Dart Sass 2.0.0.

More info: https://sass-lang.com/d/legacy-js-api @ webpack-internal:///../node_modules/webpack-dev-server/client/modules/logger/index.js:603
[     139ms] [WARNING] [webpack-dev-server] WARNING in ./src/app/AppLauncher.scss (../node_modules/css-loader/dist/cjs.js!../node_modules/sass-loader/dist/cjs.js!./src/app/AppLauncher.scss)
Module Warning (from ../node_modules/sass-loader/dist/cjs.js):
Deprecation The legacy JS API is deprecated and will be removed in Dart Sass 2.0.0.

More info: https://sass-lang.com/d/legacy-js-api @ webpack-internal:///../node_modules/webpack-dev-server/client/modules/logger/index.js:603
[     139ms] [WARNING] [webpack-dev-server] WARNING in ./src/components/DashboardDatePicker.scss (../node_modules/css-loader/dist/cjs.js!../node_modules/sass-loader/dist/cjs.js!./src/components/DashboardDatePicker.scss)
Module Warning (from ../node_modules/sass-loader/dist/cjs.js):
Deprecation The legacy JS API is deprecated and will be removed in Dart Sass 2.0.0.

More info: https://sass-lang.com/d/legacy-js-api @ webpack-internal:///../node_modules/webpack-dev-server/client/modules/logger/index.js:603
[     139ms] [WARNING] [webpack-dev-server] WARNING in ./src/components/FavoriteButton.scss (../node_modules/css-loader/dist/cjs.js!../node_modules/sass-loader/dist/cjs.js!./src/components/FavoriteButton.scss)
Module Warning (from ../node_modules/sass-loader/dist/cjs.js):
Deprecation The legacy JS API is deprecated and will be removed in Dart Sass 2.0.0.

More info: https://sass-lang.com/d/legacy-js-api @ webpack-internal:///../node_modules/webpack-dev-server/client/modules/logger/index.js:603
[     139ms] [WARNING] [webpack-dev-server] WARNING in ./src/components/FormGroupText.scss (../node_modules/css-loader/dist/cjs.js!../node_modules/sass-loader/dist/cjs.js!./src/components/FormGroupText.scss)
Module Warning (from ../node_modules/sass-loader/dist/cjs.js):
Deprecation The legacy JS API is deprecated and will be removed in Dart Sass 2.0.0.

More info: https://sass-lang.com/d/legacy-js-api @ webpack-internal:///../node_modules/webpack-dev-server/client/modules/logger/index.js:603
[     139ms] [WARNING] [webpack-dev-server] WARNING in ./src/components/MarkdownView.scss (../node_modules/css-loader/dist/cjs.js!../node_modules/sass-loader/dist/cjs.js!./src/components/MarkdownView.scss)
Module Warning (from ../node_modules/sass-loader/dist/cjs.js):
Deprecation The legacy JS API is deprecated and will be removed in Dart Sass 2.0.0.

More info: https://sass-lang.com/d/legacy-js-api @ webpack-internal:///../node_modules/webpack-dev-server/client/modules/logger/index.js:603
[     139ms] [WARNING] [webpack-dev-server] WARNING in ./src/components/NumberInputWrapper.scss (../node_modules/css-loader/dist/cjs.js!../node_modules/sass-loader/dist/cjs.js!./src/components/NumberInputWrapper.scss)
Module Warning (from ../node_modules/sass-loader/dist/cjs.js):
Deprecation The legacy JS API is deprecated and will be removed in Dart Sass 2.0.0.

More info: https://sass-lang.com/d/legacy-js-api @ webpack-internal:///../node_modules/webpack-dev-server/client/modules/logger/index.js:603
[     139ms] [WARNING] [webpack-dev-server] WARNING in ./src/components/OdhCard.scss (../node_modules/css-loader/dist/cjs.js!../node_modules/sass-loader/dist/cjs.js!./src/components/OdhCard.scss)
Module Warning (from ../node_modules/sass-loader/dist/cjs.js):
Deprecation The legacy JS API is deprecated and will be removed in Dart Sass 2.0.0.

More info: https://sass-lang.com/d/legacy-js-api @ webpack-internal:///../node_modules/webpack-dev-server/client/modules/logger/index.js:603
[     139ms] [WARNING] [webpack-dev-server] WARNING in ./src/components/OdhListItem.scss (../node_modules/css-loader/dist/cjs.js!../node_modules/sass-loader/dist/cjs.js!./src/components/OdhListItem.scss)
Module Warning (from ../node_modules/sass-loader/dist/cjs.js):
Deprecation The legacy JS API is deprecated and will be removed in Dart Sass 2.0.0.

More info: https://sass-lang.com/d/legacy-js-api @ webpack-internal:///../node_modules/webpack-dev-server/client/modules/logger/index.js:603
[     139ms] [WARNING] [webpack-dev-server] WARNING in ./src/components/ProgressBarWithLabels.scss (../node_modules/css-loader/dist/cjs.js!../node_modules/sass-loader/dist/cjs.js!./src/components/ProgressBarWithLabels.scss)
Module Warning (from ../node_modules/sass-loader/dist/cjs.js):
Deprecation The legacy JS API is deprecated and will be removed in Dart Sass 2.0.0.

More info: https://sass-lang.com/d/legacy-js-api @ webpack-internal:///../node_modules/webpack-dev-server/client/modules/logger/index.js:603
[     139ms] [WARNING] [webpack-dev-server] WARNING in ./src/components/ResourceTr.scss (../node_modules/css-loader/dist/cjs.js!../node_modules/sass-loader/dist/cjs.js!./src/components/ResourceTr.scss)
Module Warning (from ../node_modules/sass-loader/dist/cjs.js):
Deprecation The legacy JS API is deprecated and will be removed in Dart Sass 2.0.0.

More info: https://sass-lang.com/d/legacy-js-api @ webpack-internal:///../node_modules/webpack-dev-server/client/modules/logger/index.js:603
[     139ms] [WARNING] [webpack-dev-server] WARNING in ./src/components/SimpleSelect.scss (../node_modules/css-loader/dist/cjs.js!../node_modules/sass-loader/dist/cjs.js!./src/components/SimpleSelect.scss)
Module Warning (from ../node_modules/sass-loader/dist/cjs.js):
Deprecation The legacy JS API is deprecated and will be removed in Dart Sass 2.0.0.

More info: https://sass-lang.com/d/legacy-js-api @ webpack-internal:///../node_modules/webpack-dev-server/client/modules/logger/index.js:603
[     139ms] [WARNING] [webpack-dev-server] WARNING in ./src/components/pf-overrides/FormSection.scss (../node_modules/css-loader/dist/cjs.js!../node_modules/sass-loader/dist/cjs.js!./src/components/pf-overrides/FormSection.scss)
Module Warning (from ../node_modules/sass-loader/dist/cjs.js):
Deprecation The legacy JS API is deprecated and will be removed in Dart Sass 2.0.0.

More info: https://sass-lang.com/d/legacy-js-api @ webpack-internal:///../node_modules/webpack-dev-server/client/modules/logger/index.js:603
[     139ms] [WARNING] [webpack-dev-server] WARNING in ./src/concepts/dashboard/DashboardExpandableSection.scss (../node_modules/css-loader/dist/cjs.js!../node_modules/sass-loader/dist/cjs.js!./src/concepts/dashboard/DashboardExpandableSection.scss)
Module Warning (from ../node_modules/sass-loader/dist/cjs.js):
Deprecation The legacy JS API is deprecated and will be removed in Dart Sass 2.0.0.

More info: https://sass-lang.com/d/legacy-js-api @ webpack-internal:///../node_modules/webpack-dev-server/client/modules/logger/index.js:603
[     139ms] [WARNING] [webpack-dev-server] WARNING in ./src/concepts/dashboard/ModalStyles.scss (../node_modules/css-loader/dist/cjs.js!../node_modules/sass-loader/dist/cjs.js!./src/concepts/dashboard/ModalStyles.scss)
Module Warning (from ../node_modules/sass-loader/dist/cjs.js):
Deprecation The legacy JS API is deprecated and will be removed in Dart Sass 2.0.0.

More info: https://sass-lang.com/d/legacy-js-api @ webpack-internal:///../node_modules/webpack-dev-server/client/modules/logger/index.js:603
[     139ms] [WARNING] [webpack-dev-server] WARNING in ./src/concepts/dashboard/codeEditor/DashboardCodeEditor.scss (../node_modules/css-loader/dist/cjs.js!../node_modules/sass-loader/dist/cjs.js!./src/concepts/dashboard/codeEditor/DashboardCodeEditor.scss)
Module Warning (from ../node_modules/sass-loader/dist/cjs.js):
Deprecation The legacy JS API is deprecated and will be removed in Dart Sass 2.0.0.

More info: https://sass-lang.com/d/legacy-js-api @ webpack-internal:///../node_modules/webpack-dev-server/client/modules/logger/index.js:603
[     139ms] [WARNING] [webpack-dev-server] WARNING in ./src/concepts/design/DividedGallery.scss (../node_modules/css-loader/dist/cjs.js!../node_modules/sass-loader/dist/cjs.js!./src/concepts/design/DividedGallery.scss)
Module Warning (from ../node_modules/sass-loader/dist/cjs.js):
Deprecation The legacy JS API is deprecated and will be removed in Dart Sass 2.0.0.

More info: https://sass-lang.com/d/legacy-js-api @ webpack-internal:///../node_modules/webpack-dev-server/client/modules/logger/index.js:603
[     139ms] [WARNING] [webpack-dev-server] WARNING in ./src/concepts/design/TypeBorderCard.scss (../node_modules/css-loader/dist/cjs.js!../node_modules/sass-loader/dist/cjs.js!./src/concepts/design/TypeBorderCard.scss)
Module Warning (from ../node_modules/sass-loader/dist/cjs.js):
Deprecation The legacy JS API is deprecated and will be removed in Dart Sass 2.0.0.

More info: https://sass-lang.com/d/legacy-js-api @ webpack-internal:///../node_modules/webpack-dev-server/client/modules/logger/index.js:603
[     139ms] [WARNING] [webpack-dev-server] WARNING in ./src/concepts/design/vars.scss (../node_modules/css-loader/dist/cjs.js!../node_modules/sass-loader/dist/cjs.js!./src/concepts/design/vars.scss)
Module Warning (from ../node_modules/sass-loader/dist/cjs.js):
Deprecation The legacy JS API is deprecated and will be removed in Dart Sass 2.0.0.

More info: https://sass-lang.com/d/legacy-js-api @ webpack-internal:///../node_modules/webpack-dev-server/client/modules/logger/index.js:603
[     139ms] [WARNING] [webpack-dev-server] WARNING in ./src/concepts/mlflow/MlflowExperimentTable.scss (../node_modules/css-loader/dist/cjs.js!../node_modules/sass-loader/dist/cjs.js!./src/concepts/mlflow/MlflowExperimentTable.scss)
Module Warning (from ../node_modules/sass-loader/dist/cjs.js):
Deprecation The legacy JS API is deprecated and will be removed in Dart Sass 2.0.0.

More info: https://sass-lang.com/d/legacy-js-api @ webpack-internal:///../node_modules/webpack-dev-server/client/modules/logger/index.js:603
[     139ms] [WARNING] [webpack-dev-server] WARNING in ./src/concepts/notebooks/StartNotebookModal.scss (../node_modules/css-loader/dist/cjs.js!../node_modules/sass-loader/dist/cjs.js!./src/concepts/notebooks/StartNotebookModal.scss)
Module Warning (from ../node_modules/sass-loader/dist/cjs.js):
Deprecation The legacy JS API is deprecated and will be removed in Dart Sass 2.0.0.

More info: https://sass-lang.com/d/legacy-js-api @ webpack-internal:///../node_modules/webpack-dev-server/client/modules/logger/index.js:603
[     139ms] [WARNING] [webpack-dev-server] WARNING in ./src/concepts/pipelines/content/artifacts/charts/confusionMatrix/ConfusionMatrix.scss (../node_modules/css-loader/dist/cjs.js!../node_modules/sass-loader/dist/cjs.js!./src/concepts/pipelines/content/artifacts/charts/confusionMatrix/ConfusionMatrix.scss)
Module Warning (from ../node_modules/sass-loader/dist/cjs.js):
Deprecation The legacy JS API is deprecated and will be removed in Dart Sass 2.0.0.

More info: https://sass-lang.com/d/legacy-js-api @ webpack-internal:///../node_modules/webpack-dev-server/client/modules/logger/index.js:603
[     139ms] [WARNING] [webpack-dev-server] WARNING in ./src/concepts/pipelines/content/pipelinesDetails/pipelineRun/PipelineRunDrawer.scss (../node_modules/css-loader/dist/cjs.js!../node_modules/sass-loader/dist/cjs.js!./src/concepts/pipelines/content/pipelinesDetails/pipelineRun/PipelineRunDrawer.scss)
Module Warning (from ../node_modules/sass-loader/dist/cjs.js):
Deprecation The legacy JS API is deprecated and will be removed in Dart Sass 2.0.0.

More info: https://sass-lang.com/d/legacy-js-api @ webpack-internal:///../node_modules/webpack-dev-server/client/modules/logger/index.js:603
[     139ms] [WARNING] [webpack-dev-server] WARNING in ./src/concepts/topology/PipelineVisualizationSurface.scss (../node_modules/css-loader/dist/cjs.js!../node_modules/sass-loader/dist/cjs.js!./src/concepts/topology/PipelineVisualizationSurface.scss)
Module Warning (from ../node_modules/sass-loader/dist/cjs.js):
Deprecation The legacy JS API is deprecated and will be removed in Dart Sass 2.0.0.

More info: https://sass-lang.com/d/legacy-js-api @ webpack-internal:///../node_modules/webpack-dev-server/client/modules/logger/index.js:603
[     139ms] [WARNING] [webpack-dev-server] WARNING in ./src/pages/exploreApplication/EnableModal.scss (../node_modules/css-loader/dist/cjs.js!../node_modules/sass-loader/dist/cjs.js!./src/pages/exploreApplication/EnableModal.scss)
Module Warning (from ../node_modules/sass-loader/dist/cjs.js):
Deprecation The legacy JS API is deprecated and will be removed in Dart Sass 2.0.0.

More info: https://sass-lang.com/d/legacy-js-api @ webpack-internal:///../node_modules/webpack-dev-server/client/modules/logger/index.js:603
[     139ms] [WARNING] [webpack-dev-server] WARNING in ./src/pages/exploreApplication/ExploreApplications.scss (../node_modules/css-loader/dist/cjs.js!../node_modules/sass-loader/dist/cjs.js!./src/pages/exploreApplication/ExploreApplications.scss)
Module Warning (from ../node_modules/sass-loader/dist/cjs.js):
Deprecation The legacy JS API is deprecated and will be removed in Dart Sass 2.0.0.

More info: https://sass-lang.com/d/legacy-js-api @ webpack-internal:///../node_modules/webpack-dev-server/client/modules/logger/index.js:603
[     139ms] [WARNING] [webpack-dev-server] WARNING in ./src/pages/home/Home.scss (../node_modules/css-loader/dist/cjs.js!../node_modules/sass-loader/dist/cjs.js!./src/pages/home/Home.scss)
Module Warning (from ../node_modules/sass-loader/dist/cjs.js):
Deprecation The legacy JS API is deprecated and will be removed in Dart Sass 2.0.0.

More info: https://sass-lang.com/d/legacy-js-api @ webpack-internal:///../node_modules/webpack-dev-server/client/modules/logger/index.js:603
[     139ms] [WARNING] [webpack-dev-server] WARNING in ./src/pages/learningCenter/LearningCenter.scss (../node_modules/css-loader/dist/cjs.js!../node_modules/sass-loader/dist/cjs.js!./src/pages/learningCenter/LearningCenter.scss)
Module Warning (from ../node_modules/sass-loader/dist/cjs.js):
Deprecation The legacy JS API is deprecated and will be removed in Dart Sass 2.0.0.

More info: https://sass-lang.com/d/legacy-js-api @ webpack-internal:///../node_modules/webpack-dev-server/client/modules/logger/index.js:603
[     139ms] [WARNING] [webpack-dev-server] WARNING in ./src/pages/learningCenter/LearningCenterToolbar.scss (../node_modules/css-loader/dist/cjs.js!../node_modules/sass-loader/dist/cjs.js!./src/pages/learningCenter/LearningCenterToolbar.scss)
Module Warning (from ../node_modules/sass-loader/dist/cjs.js):
Deprecation The legacy JS API is deprecated and will be removed in Dart Sass 2.0.0.

More info: https://sass-lang.com/d/legacy-js-api @ webpack-internal:///../node_modules/webpack-dev-server/client/modules/logger/index.js:603
[     139ms] [WARNING] [webpack-dev-server] WARNING in ./src/pages/modelServing/screens/metrics/MetricsPageTabs.scss (../node_modules/css-loader/dist/cjs.js!../node_modules/sass-loader/dist/cjs.js!./src/pages/modelServing/screens/metrics/MetricsPageTabs.scss)
Module Warning (from ../node_modules/sass-loader/dist/cjs.js):
Deprecation The legacy JS API is deprecated and will be removed in Dart Sass 2.0.0.

More info: https://sass-lang.com/d/legacy-js-api @ webpack-internal:///../node_modules/webpack-dev-server/client/modules/logger/index.js:603
[     139ms] [WARNING] [webpack-dev-server] WARNING in ./src/pages/notebookController/NotebookController.scss (../node_modules/css-loader/dist/cjs.js!../node_modules/sass-loader/dist/cjs.js!./src/pages/notebookController/NotebookController.scss)
Module Warning (from ../node_modules/sass-loader/dist/cjs.js):
Deprecation The legacy JS API is deprecated and will be removed in Dart Sass 2.0.0.

More info: https://sass-lang.com/d/legacy-js-api @ webpack-internal:///../node_modules/webpack-dev-server/client/modules/logger/index.js:603
[     139ms] [WARNING] [webpack-dev-server] WARNING in ./src/pages/pipelines/global/GlobalPipelineCoreDetails.scss (../node_modules/css-loader/dist/cjs.js!../node_modules/sass-loader/dist/cjs.js!./src/pages/pipelines/global/GlobalPipelineCoreDetails.scss)
Module Warning (from ../node_modules/sass-loader/dist/cjs.js):
Deprecation The legacy JS API is deprecated and will be removed in Dart Sass 2.0.0.

More info: https://sass-lang.com/d/legacy-js-api @ webpack-internal:///../node_modules/webpack-dev-server/client/modules/logger/index.js:603
[     139ms] [WARNING] [webpack-dev-server] WARNING in ./src/pages/pipelines/global/modelCustomization/landingPage/LabMethodDescriptionSection.scss (../node_modules/css-loader/dist/cjs.js!../node_modules/sass-loader/dist/cjs.js!./src/pages/pipelines/global/modelCustomization/landingPage/LabMethodDescriptionSection.scss)
Module Warning (from ../node_modules/sass-loader/dist/cjs.js):
Deprecation The legacy JS API is deprecated and will be removed in Dart Sass 2.0.0.

More info: https://sass-lang.com/d/legacy-js-api @ webpack-internal:///../node_modules/webpack-dev-server/client/modules/logger/index.js:603
[     139ms] [WARNING] [webpack-dev-server] WARNING in ./src/pages/pipelines/global/runs/GlobalPipelineRunsTabs.scss (../node_modules/css-loader/dist/cjs.js!../node_modules/sass-loader/dist/cjs.js!./src/pages/pipelines/global/runs/GlobalPipelineRunsTabs.scss)
Module Warning (from ../node_modules/sass-loader/dist/cjs.js):
Deprecation The legacy JS API is deprecated and will be removed in Dart Sass 2.0.0.

More info: https://sass-lang.com/d/legacy-js-api @ webpack-internal:///../node_modules/webpack-dev-server/client/modules/logger/index.js:603
[     139ms] [WARNING] [webpack-dev-server] WARNING in ./src/pages/projects/screens/detail/ProjectDetails.scss (../node_modules/css-loader/dist/cjs.js!../node_modules/sass-loader/dist/cjs.js!./src/pages/projects/screens/detail/ProjectDetails.scss)
Module Warning (from ../node_modules/sass-loader/dist/cjs.js):
Deprecation The legacy JS API is deprecated and will be removed in Dart Sass 2.0.0.

More info: https://sass-lang.com/d/legacy-js-api @ webpack-internal:///../node_modules/webpack-dev-server/client/modules/logger/index.js:603
[     139ms] [WARNING] [webpack-dev-server] WARNING in ../packages/feature-store/src/screens/components/FeatureStoreBreadcrumb.scss (../node_modules/css-loader/dist/cjs.js!../node_modules/sass-loader/dist/cjs.js!../packages/feature-store/src/screens/components/FeatureStoreBreadcrumb.scss)
Module Warning (from ../node_modules/sass-loader/dist/cjs.js):
Deprecation The legacy JS API is deprecated and will be removed in Dart Sass 2.0.0.

More info: https://sass-lang.com/d/legacy-js-api @ webpack-internal:///../node_modules/webpack-dev-server/client/modules/logger/index.js:603
[     139ms] [WARNING] [webpack-dev-server] WARNING in ./src/utilities/useFetchState.ts 7:0-175
export 'FetchStateRefreshPromise' (reexported as 'FetchStateRefreshPromise') was not found in './useFetch' (possible exports: NotReadyError, default, isCommonStateError) @ webpack-internal:///../node_modules/webpack-dev-server/client/modules/logger/index.js:603
[     139ms] [WARNING] [webpack-dev-server] WARNING in ./src/utilities/useFetchState.ts 7:0-175
export 'AdHocUpdate' (reexported as 'AdHocUpdate') was not found in './useFetch' (possible exports: NotReadyError, default, isCommonStateError) @ webpack-internal:///../node_modules/webpack-dev-server/client/modules/logger/index.js:603
[     139ms] [WARNING] [webpack-dev-server] WARNING in ./src/utilities/useFetchState.ts 7:0-175
export 'FetchStateCallbackPromise' (reexported as 'FetchStateCallbackPromise') was not found in './useFetch' (possible exports: NotReadyError, default, isCommonStateError) @ webpack-internal:///../node_modules/webpack-dev-server/client/modules/logger/index.js:603
[     139ms] [WARNING] [webpack-dev-server] WARNING in ./src/utilities/useFetchState.ts 7:0-175
export 'FetchStateCallbackPromiseAdHoc' (reexported as 'FetchStateCallbackPromiseAdHoc') was not found in './useFetch' (possible exports: NotReadyError, default, isCommonStateError) @ webpack-internal:///../node_modules/webpack-dev-server/client/modules/logger/index.js:603
[     139ms] [WARNING] [webpack-dev-server] WARNING in ./src/utilities/useFetchState.ts 7:0-175
export 'FetchOptions' (reexported as 'FetchOptions') was not found in './useFetch' (possible exports: NotReadyError, default, isCommonStateError) @ webpack-internal:///../node_modules/webpack-dev-server/client/modules/logger/index.js:603
[     139ms] [ERROR] [webpack-dev-server] Errors while compiling. Reload prevented. @ webpack-internal:///../node_modules/webpack-dev-server/client/modules/logger/index.js:607
[     139ms] [ERROR] [webpack-dev-server] ERROR in ./node_modules/@patternfly/react-core/dist/esm/index.js
Module build failed: Error: ENOENT: no such file or directory, open '/Users/bgregor/git/odh-dashboard/frontend/node_modules/@patternfly/react-core/dist/esm/index.js' @ webpack-internal:///../node_modules/webpack-dev-server/client/modules/logger/index.js:607
[     139ms] [ERROR] [webpack-dev-server] ERROR in ./node_modules/@patternfly/react-drag-drop/dist/esm/index.js
Module build failed: Error: ENOENT: no such file or directory, open '/Users/bgregor/git/odh-dashboard/frontend/node_modules/@patternfly/react-drag-drop/dist/esm/index.js' @ webpack-internal:///../node_modules/webpack-dev-server/client/modules/logger/index.js:607
[     139ms] [ERROR] [webpack-dev-server] ERROR in ./node_modules/@patternfly/react-table/dist/esm/index.js
Module build failed: Error: ENOENT: no such file or directory, open '/Users/bgregor/git/odh-dashboard/frontend/node_modules/@patternfly/react-table/dist/esm/index.js' @ webpack-internal:///../node_modules/webpack-dev-server/client/modules/logger/index.js:607
[     139ms] [ERROR] [webpack-dev-server] ERROR in ./node_modules/@patternfly/react-templates/dist/esm/index.js
Module build failed: Error: ENOENT: no such file or directory, open '/Users/bgregor/git/odh-dashboard/frontend/node_modules/@patternfly/react-templates/dist/esm/index.js' @ webpack-internal:///../node_modules/webpack-dev-server/client/modules/logger/index.js:607
[     139ms] [ERROR] [webpack-dev-server] ERROR in ./node_modules/react-dropzone/dist/es/index.js
Module build failed: Error: ENOENT: no such file or directory, open '/Users/bgregor/git/odh-dashboard/frontend/node_modules/react-dropzone/dist/es/index.js' @ webpack-internal:///../node_modules/webpack-dev-server/client/modules/logger/index.js:607
[     139ms] [ERROR] [webpack-dev-server] ERROR in ../node_modules/monaco-editor/esm/vs/editor/contrib/colorPicker/browser/colorContributions.js
Module build failed: Error: ENOENT: no such file or directory, open '/Users/bgregor/git/odh-dashboard/node_modules/monaco-editor/esm/vs/editor/contrib/colorPicker/browser/colorContributions.js' @ webpack-internal:///../node_modules/webpack-dev-server/client/modules/logger/index.js:607
[     140ms] [ERROR] [webpack-dev-server] ERROR in ../node_modules/monaco-editor/esm/vs/editor/contrib/colorPicker/browser/standaloneColorPickerActions.js
Module build failed: Error: ENOENT: no such file or directory, open '/Users/bgregor/git/odh-dashboard/node_modules/monaco-editor/esm/vs/editor/contrib/colorPicker/browser/standaloneColorPickerActions.js' @ webpack-internal:///../node_modules/webpack-dev-server/client/modules/logger/index.js:607
[     140ms] [ERROR] [webpack-dev-server] ERROR in ../node_modules/monaco-editor/esm/vs/editor/contrib/inlineEdit/browser/inlineEdit.contribution.js
Module build failed: Error: ENOENT: no such file or directory, open '/Users/bgregor/git/odh-dashboard/node_modules/monaco-editor/esm/vs/editor/contrib/inlineEdit/browser/inlineEdit.contribution.js' @ webpack-internal:///../node_modules/webpack-dev-server/client/modules/logger/index.js:607
[     140ms] [ERROR] [webpack-dev-server] ERROR in ../packages/observability/node_modules/@perses-dev/bar-chart-plugin/lib/index.js
Module build failed: Error: ENOENT: no such file or directory, open '/Users/bgregor/git/odh-dashboard/packages/observability/node_modules/@perses-dev/bar-chart-plugin/lib/index.js' @ webpack-internal:///../node_modules/webpack-dev-server/client/modules/logger/index.js:607
[     140ms] [ERROR] [webpack-dev-server] ERROR in ../packages/observability/node_modules/@perses-dev/components/dist/index.js
Module build failed: Error: ENOENT: no such file or directory, open '/Users/bgregor/git/odh-dashboard/packages/observability/node_modules/@perses-dev/components/dist/index.js' @ webpack-internal:///../node_modules/webpack-dev-server/client/modules/logger/index.js:607
[     140ms] [ERROR] [webpack-dev-server] ERROR in ../packages/observability/node_modules/@perses-dev/core/dist/index.js
Module build failed: Error: ENOENT: no such file or directory, open '/Users/bgregor/git/odh-dashboard/packages/observability/node_modules/@perses-dev/core/dist/index.js' @ webpack-internal:///../node_modules/webpack-dev-server/client/modules/logger/index.js:607
[     140ms] [ERROR] [webpack-dev-server] ERROR in ../packages/observability/node_modules/@perses-dev/dashboards/dist/index.js
Module build failed: Error: ENOENT: no such file or directory, open '/Users/bgregor/git/odh-dashboard/packages/observability/node_modules/@perses-dev/dashboards/dist/index.js' @ webpack-internal:///../node_modules/webpack-dev-server/client/modules/logger/index.js:607
[     140ms] [ERROR] [webpack-dev-server] ERROR in ../packages/observability/node_modules/@perses-dev/datasource-variable-plugin/lib/index.js
Module build failed: Error: ENOENT: no such file or directory, open '/Users/bgregor/git/odh-dashboard/packages/observability/node_modules/@perses-dev/datasource-variable-plugin/lib/index.js' @ webpack-internal:///../node_modules/webpack-dev-server/client/modules/logger/index.js:607
[     140ms] [ERROR] [webpack-dev-server] ERROR in ../packages/observability/node_modules/@perses-dev/flame-chart-plugin/lib/index.js
Module build failed: Error: ENOENT: no such file or directory, open '/Users/bgregor/git/odh-dashboard/packages/observability/node_modules/@perses-dev/flame-chart-plugin/lib/index.js' @ webpack-internal:///../node_modules/webpack-dev-server/client/modules/logger/index.js:607
[     140ms] [ERROR] [webpack-dev-server] ERROR in ../packages/observability/node_modules/@perses-dev/gauge-chart-plugin/lib/index.js
Module build failed: Error: ENOENT: no such file or directory, open '/Users/bgregor/git/odh-dashboard/packages/observability/node_modules/@perses-dev/gauge-chart-plugin/lib/index.js' @ webpack-internal:///../node_modules/webpack-dev-server/client/modules/logger/index.js:607
[     140ms] [ERROR] [webpack-dev-server] ERROR in ../packages/observability/node_modules/@perses-dev/heatmap-chart-plugin/lib/index.js
Module build failed: Error: ENOENT: no such file or directory, open '/Users/bgregor/git/odh-dashboard/packages/observability/node_modules/@perses-dev/heatmap-chart-plugin/lib/index.js' @ webpack-internal:///../node_modules/webpack-dev-server/client/modules/logger/index.js:607
[     140ms] [ERROR] [webpack-dev-server] ERROR in ../packages/observability/node_modules/@perses-dev/histogram-chart-plugin/lib/index.js
Module build failed: Error: ENOENT: no such file or directory, open '/Users/bgregor/git/odh-dashboard/packages/observability/node_modules/@perses-dev/histogram-chart-plugin/lib/index.js' @ webpack-internal:///../node_modules/webpack-dev-server/client/modules/logger/index.js:607
[     140ms] [ERROR] [webpack-dev-server] ERROR in ../packages/observability/node_modules/@perses-dev/loki-plugin/lib/index.js
Module build failed: Error: ENOENT: no such file or directory, open '/Users/bgregor/git/odh-dashboard/packages/observability/node_modules/@perses-dev/loki-plugin/lib/index.js' @ webpack-internal:///../node_modules/webpack-dev-server/client/modules/logger/index.js:607
[     140ms] [ERROR] [webpack-dev-server] ERROR in ../packages/observability/node_modules/@perses-dev/markdown-plugin/lib/index.js
Module build failed: Error: ENOENT: no such file or directory, open '/Users/bgregor/git/odh-dashboard/packages/observability/node_modules/@perses-dev/markdown-plugin/lib/index.js' @ webpack-internal:///../node_modules/webpack-dev-server/client/modules/logger/index.js:607
[     140ms] [ERROR] [webpack-dev-server] ERROR in ../packages/observability/node_modules/@perses-dev/pie-chart-plugin/lib/index.js
Module build failed: Error: ENOENT: no such file or directory, open '/Users/bgregor/git/odh-dashboard/packages/observability/node_modules/@perses-dev/pie-chart-plugin/lib/index.js' @ webpack-internal:///../node_modules/webpack-dev-server/client/modules/logger/index.js:607
[     140ms] [ERROR] [webpack-dev-server] ERROR in ../packages/observability/node_modules/@perses-dev/plugin-system/dist/index.js
Module build failed: Error: ENOENT: no such file or directory, open '/Users/bgregor/git/odh-dashboard/packages/observability/node_modules/@perses-dev/plugin-system/dist/index.js' @ webpack-internal:///../node_modules/webpack-dev-server/client/modules/logger/index.js:607
[     140ms] [ERROR] [webpack-dev-server] ERROR in ../packages/observability/node_modules/@perses-dev/prometheus-plugin/lib/index.js
Module build failed: Error: ENOENT: no such file or directory, open '/Users/bgregor/git/odh-dashboard/packages/observability/node_modules/@perses-dev/prometheus-plugin/lib/index.js' @ webpack-internal:///../node_modules/webpack-dev-server/client/modules/logger/index.js:607
[     140ms] [ERROR] [webpack-dev-server] ERROR in ../packages/observability/node_modules/@perses-dev/pyroscope-plugin/lib/index.js
Module build failed: Error: ENOENT: no such file or directory, open '/Users/bgregor/git/odh-dashboard/packages/observability/node_modules/@perses-dev/pyroscope-plugin/lib/index.js' @ webpack-internal:///../node_modules/webpack-dev-server/client/modules/logger/index.js:607
[     140ms] [ERROR] [webpack-dev-server] ERROR in ../packages/observability/node_modules/@perses-dev/scatter-chart-plugin/lib/index.js
Module build failed: Error: ENOENT: no such file or directory, open '/Users/bgregor/git/odh-dashboard/packages/observability/node_modules/@perses-dev/scatter-chart-plugin/lib/index.js' @ webpack-internal:///../node_modules/webpack-dev-server/client/modules/logger/index.js:607
[     140ms] [ERROR] [webpack-dev-server] ERROR in ../packages/observability/node_modules/@perses-dev/stat-chart-plugin/lib/index.js
Module build failed: Error: ENOENT: no such file or directory, open '/Users/bgregor/git/odh-dashboard/packages/observability/node_modules/@perses-dev/stat-chart-plugin/lib/index.js' @ webpack-internal:///../node_modules/webpack-dev-server/client/modules/logger/index.js:607
[     140ms] [ERROR] [webpack-dev-server] ERROR in ../packages/observability/node_modules/@perses-dev/static-list-variable-plugin/lib/index.js
Module build failed: Error: ENOENT: no such file or directory, open '/Users/bgregor/git/odh-dashboard/packages/observability/node_modules/@perses-dev/static-list-variable-plugin/lib/index.js' @ webpack-internal:///../node_modules/webpack-dev-server/client/modules/logger/index.js:607
[     140ms] [ERROR] [webpack-dev-server] ERROR in ../packages/observability/node_modules/@perses-dev/status-history-chart-plugin/lib/index.js
Module build failed: Error: ENOENT: no such file or directory, open '/Users/bgregor/git/odh-dashboard/packages/observability/node_modules/@perses-dev/status-history-chart-plugin/lib/index.js' @ webpack-internal:///../node_modules/webpack-dev-server/client/modules/logger/index.js:607
[     140ms] [ERROR] [webpack-dev-server] ERROR in ../packages/observability/node_modules/@perses-dev/table-plugin/lib/index.js
Module build failed: Error: ENOENT: no such file or directory, open '/Users/bgregor/git/odh-dashboard/packages/observability/node_modules/@perses-dev/table-plugin/lib/index.js' @ webpack-internal:///../node_modules/webpack-dev-server/client/modules/logger/index.js:607
[     140ms] [ERROR] [webpack-dev-server] ERROR in ../packages/observability/node_modules/@perses-dev/tempo-plugin/lib/index.js
Module build failed: Error: ENOENT: no such file or directory, open '/Users/bgregor/git/odh-dashboard/packages/observability/node_modules/@perses-dev/tempo-plugin/lib/index.js' @ webpack-internal:///../node_modules/webpack-dev-server/client/modules/logger/index.js:607
[     140ms] [ERROR] [webpack-dev-server] ERROR in ../packages/observability/node_modules/@perses-dev/timeseries-chart-plugin/lib/index.js
Module build failed: Error: ENOENT: no such file or directory, open '/Users/bgregor/git/odh-dashboard/packages/observability/node_modules/@perses-dev/timeseries-chart-plugin/lib/index.js' @ webpack-internal:///../node_modules/webpack-dev-server/client/modules/logger/index.js:607
[     140ms] [ERROR] [webpack-dev-server] ERROR in ../packages/observability/node_modules/@perses-dev/timeseries-table-plugin/lib/index.js
Module build failed: Error: ENOENT: no such file or directory, open '/Users/bgregor/git/odh-dashboard/packages/observability/node_modules/@perses-dev/timeseries-table-plugin/lib/index.js' @ webpack-internal:///../node_modules/webpack-dev-server/client/modules/logger/index.js:607
[     140ms] [ERROR] [webpack-dev-server] ERROR in ../packages/observability/node_modules/@perses-dev/trace-table-plugin/lib/index.js
Module build failed: Error: ENOENT: no such file or directory, open '/Users/bgregor/git/odh-dashboard/packages/observability/node_modules/@perses-dev/trace-table-plugin/lib/index.js' @ webpack-internal:///../node_modules/webpack-dev-server/client/modules/logger/index.js:607
[     140ms] [ERROR] [webpack-dev-server] ERROR in ../packages/observability/node_modules/@perses-dev/tracing-gantt-chart-plugin/lib/index.js
Module build failed: Error: ENOENT: no such file or directory, open '/Users/bgregor/git/odh-dashboard/packages/observability/node_modules/@perses-dev/tracing-gantt-chart-plugin/lib/index.js' @ webpack-internal:///../node_modules/webpack-dev-server/client/modules/logger/index.js:607
[     140ms] [ERROR] [webpack-dev-server] ERROR in ../packages/observability/node_modules/use-query-params/adapters/react-router-6/index.js
Module build failed: Error: ENOENT: no such file or directory, open '/Users/bgregor/git/odh-dashboard/packages/observability/node_modules/use-query-params/adapters/react-router-6/index.js' @ webpack-internal:///../node_modules/webpack-dev-server/client/modules/logger/index.js:607
[     140ms] [ERROR] [webpack-dev-server] ERROR in ./src/pages/projects/screens/spawner/environmentVariables/EnvTypeSwitch.tsx:10:31
TS2307: Cannot find module './EnvExistingSecret' or its corresponding type declarations.
     8 | import EnvConfigMap from './EnvConfigMap';
     9 | import EnvSecret from './EnvSecret';
  > 10 | import EnvExistingSecret from './EnvExistingSecret';
       |                               ^^^^^^^^^^^^^^^^^^^^^
    11 |
    12 | type EnvTypeSwitchProps = {
    13 |   instanceId: number; @ webpack-internal:///../node_modules/webpack-dev-server/client/modules/logger/index.js:607
[     291ms] [INFO] %cDownload the React DevTools for a better development experience: https://reactjs.org/link/react-devtools font-weight:bold @ webpack-internal:///../node_modules/react-dom/cjs/react-dom.development.js:29890
[     381ms] Error: Module build failed: Error: ENOENT: no such file or directory, open '/Users/bgregor/git/odh-dashboard/frontend/node_modules/@patternfly/react-table/dist/esm/index.js'
    at ./node_modules/@patternfly/react-table/dist/esm/index.js (http://localhost:4010/vendors-node_modules_patternfly_react-table_dist_esm_index_js-node_modules_patternfly_quickst-6d1778.js:4028:7)
    at options.factory (http://localhost:4010/runtime.js:927:30)
    at __webpack_require__ (http://localhost:4010/runtime.js:126:32)
    at fn (http://localhost:4010/runtime.js:543:21)
    at hotRequire (http://localhost:4010/runtime.js:910:47)
    at eval (webpack-internal:///./src/components/table/TableBase.tsx:10:81)
    at ./src/components/table/TableBase.tsx (http://localhost:4010/src_bootstrap_tsx.js:1844:1)
    at options.factory (http://localhost:4010/runtime.js:927:30)
    at __webpack_require__ (http://localhost:4010/runtime.js:126:32)
    at fn (http://localhost:4010/runtime.js:543:21)
